<?xml version="1.0" encoding="UTF-8"?>
<testng-results skipped="0" failed="0" total="1" passed="1">
  <reporter-output>
  </reporter-output>
  <suite name="Command line suite" duration-ms="410" started-at="2019-11-17T19:31:49Z" finished-at="2019-11-17T19:31:50Z">
    <groups>
    </groups>
    <test name="Command line test" duration-ms="410" started-at="2019-11-17T19:31:49Z" finished-at="2019-11-17T19:31:50Z">
      <class name="org.apache.struts2.TestNGStrutsTestCaseTest$RunTest">
        <test-method status="PASS" signature="setUp()[pri:0, instance:org.apache.struts2.TestNGStrutsTestCaseTest$RunTest@37d62d02]" name="setUp" is-config="true" duration-ms="405" started-at="2019-11-17T20:31:49Z" finished-at="2019-11-17T20:31:50Z">
          <reporter-output>
          </reporter-output>
        </test-method> <!-- setUp -->
        <test-method status="PASS" signature="testRun()[pri:0, instance:org.apache.struts2.TestNGStrutsTestCaseTest$RunTest@37d62d02]" name="testRun" duration-ms="0" started-at="2019-11-17T20:31:50Z" finished-at="2019-11-17T20:31:50Z">
          <reporter-output>
          </reporter-output>
        </test-method> <!-- testRun -->
        <test-method status="PASS" signature="tearDown()[pri:0, instance:org.apache.struts2.TestNGStrutsTestCaseTest$RunTest@37d62d02]" name="tearDown" is-config="true" duration-ms="0" started-at="2019-11-17T20:31:50Z" finished-at="2019-11-17T20:31:50Z">
          <reporter-output>
          </reporter-output>
        </test-method> <!-- tearDown -->
      </class> <!-- org.apache.struts2.TestNGStrutsTestCaseTest$RunTest -->
    </test> <!-- Command line test -->
  </suite> <!-- Command line suite -->
</testng-results>
